<?xml version="1.0" encoding="UTF-8"?>
<testng-results ignored="0" total="8" passed="8" failed="0" skipped="0">
  <reporter-output>
  </reporter-output>
  <suite started-at="2022-02-22T15:20:40 IST" name="Suite" finished-at="2022-02-22T15:21:35 IST" duration-ms="55092">
    <groups>
      <group name="cucumber">
        <method signature="AbstractTestNGCucumberTests.runScenario(io.cucumber.testng.PickleWrapper,io.cucumber.testng.FeatureWrapper)[pri:0, instance:cucumberOptions.TestRunner@70d2e40b]" name="runScenario" class="io.cucumber.testng.AbstractTestNGCucumberTests"/>
      </group> <!-- cucumber -->
    </groups>
    <test started-at="2022-02-22T15:20:40 IST" name="navbar validate" finished-at="2022-02-22T15:20:50 IST" duration-ms="9758">
      <class name="Freelance.ValidateNavBar">
        <test-method is-config="true" signature="Initialize()[pri:0, instance:Freelance.ValidateNavBar@23c388c2]" started-at="2022-02-22T15:20:40 IST" name="Initialize" finished-at="2022-02-22T15:20:50 IST" duration-ms="9426" status="PASS">
          <reporter-output>
          </reporter-output>
        </test-method> <!-- Initialize -->
        <test-method signature="CheckTextnb()[pri:0, instance:Freelance.ValidateNavBar@23c388c2]" started-at="2022-02-22T15:20:50 IST" name="CheckTextnb" finished-at="2022-02-22T15:20:50 IST" duration-ms="162" status="PASS">
          <reporter-output>
          </reporter-output>
        </test-method> <!-- CheckTextnb -->
        <test-method is-config="true" signature="teardown()[pri:0, instance:Freelance.ValidateNavBar@23c388c2]" started-at="2022-02-22T15:20:50 IST" name="teardown" finished-at="2022-02-22T15:20:50 IST" duration-ms="139" status="PASS">
          <reporter-output>
          </reporter-output>
        </test-method> <!-- teardown -->
      </class> <!-- Freelance.ValidateNavBar -->
    </test> <!-- navbar validate -->
    <test started-at="2022-02-22T15:20:40 IST" name="title validate" finished-at="2022-02-22T15:20:51 IST" duration-ms="10348">
      <class name="Freelance.ValidateTextDisplayed">
        <test-method is-config="true" signature="Initialize()[pri:0, instance:Freelance.ValidateTextDisplayed@620aa4ea]" started-at="2022-02-22T15:20:40 IST" name="Initialize" finished-at="2022-02-22T15:20:50 IST" duration-ms="9887" status="PASS">
          <reporter-output>
          </reporter-output>
        </test-method> <!-- Initialize -->
        <test-method signature="ValidateHeader()[pri:0, instance:Freelance.ValidateTextDisplayed@620aa4ea]" started-at="2022-02-22T15:20:50 IST" name="ValidateHeader" finished-at="2022-02-22T15:20:50 IST" duration-ms="116" status="PASS">
          <reporter-output>
          </reporter-output>
        </test-method> <!-- ValidateHeader -->
        <test-method signature="ValidateHeader2()[pri:0, instance:Freelance.ValidateTextDisplayed@620aa4ea]" started-at="2022-02-22T15:20:50 IST" name="ValidateHeader2" finished-at="2022-02-22T15:20:50 IST" duration-ms="82" status="PASS">
          <reporter-output>
          </reporter-output>
        </test-method> <!-- ValidateHeader2 -->
        <test-method signature="ValidateTitleText()[pri:0, instance:Freelance.ValidateTextDisplayed@620aa4ea]" started-at="2022-02-22T15:20:50 IST" name="ValidateTitleText" finished-at="2022-02-22T15:20:50 IST" duration-ms="81" status="PASS">
          <reporter-output>
          </reporter-output>
        </test-method> <!-- ValidateTitleText -->
        <test-method is-config="true" signature="teardown()[pri:0, instance:Freelance.ValidateTextDisplayed@620aa4ea]" started-at="2022-02-22T15:20:50 IST" name="teardown" finished-at="2022-02-22T15:20:51 IST" duration-ms="164" status="PASS">
          <reporter-output>
          </reporter-output>
        </test-method> <!-- teardown -->
      </class> <!-- Freelance.ValidateTextDisplayed -->
    </test> <!-- title validate -->
    <test started-at="2022-02-22T15:20:40 IST" name="Logging test" finished-at="2022-02-22T15:20:58 IST" duration-ms="17926">
      <class name="Freelance.HomePageTest">
        <test-method is-config="true" signature="Initialize()[pri:0, instance:Freelance.HomePageTest@452e26d0]" started-at="2022-02-22T15:20:40 IST" name="Initialize" finished-at="2022-02-22T15:20:45 IST" duration-ms="4428" status="PASS">
          <reporter-output>
          </reporter-output>
        </test-method> <!-- Initialize -->
        <test-method signature="basePageNavigate(java.lang.String,java.lang.String,java.lang.String)[pri:0, instance:Freelance.HomePageTest@452e26d0]" started-at="2022-02-22T15:20:45 IST" name="basePageNavigate" data-provider="getData" finished-at="2022-02-22T15:20:54 IST" duration-ms="9422" status="PASS">
          <params>
            <param index="0">
              <value>
                <![CDATA[user1@rs.com]]>
              </value>
            </param>
            <param index="1">
              <value>
                <![CDATA[Password]]>
              </value>
            </param>
            <param index="2">
              <value>
                <![CDATA[Testcase 1 Executed]]>
              </value>
            </param>
          </params>
          <reporter-output>
          </reporter-output>
        </test-method> <!-- basePageNavigate -->
        <test-method signature="basePageNavigate(java.lang.String,java.lang.String,java.lang.String)[pri:0, instance:Freelance.HomePageTest@452e26d0]" started-at="2022-02-22T15:20:54 IST" name="basePageNavigate" data-provider="getData" finished-at="2022-02-22T15:20:58 IST" duration-ms="3927" status="PASS">
          <params>
            <param index="0">
              <value>
                <![CDATA[user2@rs.com]]>
              </value>
            </param>
            <param index="1">
              <value>
                <![CDATA[Password]]>
              </value>
            </param>
            <param index="2">
              <value>
                <![CDATA[Testcase 2 Executed]]>
              </value>
            </param>
          </params>
          <reporter-output>
          </reporter-output>
        </test-method> <!-- basePageNavigate -->
        <test-method is-config="true" signature="teardown()[pri:0, instance:Freelance.HomePageTest@452e26d0]" started-at="2022-02-22T15:20:58 IST" name="teardown" finished-at="2022-02-22T15:20:58 IST" duration-ms="71" status="PASS">
          <reporter-output>
          </reporter-output>
        </test-method> <!-- teardown -->
      </class> <!-- Freelance.HomePageTest -->
    </test> <!-- Logging test -->
    <test started-at="2022-02-22T15:20:53 IST" name="Cucumber check validate" finished-at="2022-02-22T15:21:35 IST" duration-ms="42642">
      <class name="cucumberOptions.TestRunner">
        <test-method is-config="true" signature="setUpClass(org.testng.ITestContext)[pri:0, instance:cucumberOptions.TestRunner@70d2e40b]" started-at="2022-02-22T15:20:53 IST" name="setUpClass" finished-at="2022-02-22T15:20:54 IST" duration-ms="1188" status="PASS">
          <params>
            <param index="0">
              <value>
                <![CDATA[org.testng.TestRunner@7db0565c]]>
              </value>
            </param>
          </params>
          <reporter-output>
          </reporter-output>
        </test-method> <!-- setUpClass -->
        <test-method signature="runScenario(io.cucumber.testng.PickleWrapper,io.cucumber.testng.FeatureWrapper)[pri:0, instance:cucumberOptions.TestRunner@70d2e40b]" started-at="2022-02-22T15:20:54 IST" name="runScenario" description="Runs Cucumber Scenarios" data-provider="scenarios" finished-at="2022-02-22T15:21:12 IST" duration-ms="18220" status="PASS">
          <params>
            <param index="0">
              <value>
                <![CDATA["Posititve Login validations"]]>
              </value>
            </param>
            <param index="1">
              <value>
                <![CDATA["Optional[Login ino Application Login]"]]>
              </value>
            </param>
          </params>
          <reporter-output>
          </reporter-output>
        </test-method> <!-- runScenario -->
        <test-method signature="runScenario(io.cucumber.testng.PickleWrapper,io.cucumber.testng.FeatureWrapper)[pri:0, instance:cucumberOptions.TestRunner@70d2e40b]" started-at="2022-02-22T15:21:12 IST" name="runScenario" description="Runs Cucumber Scenarios" data-provider="scenarios" finished-at="2022-02-22T15:21:35 IST" duration-ms="22873" status="PASS">
          <params>
            <param index="0">
              <value>
                <![CDATA["Posititve Login validations"]]>
              </value>
            </param>
            <param index="1">
              <value>
                <![CDATA["Optional[Login ino Application Login]"]]>
              </value>
            </param>
          </params>
          <reporter-output>
          </reporter-output>
        </test-method> <!-- runScenario -->
        <test-method is-config="true" signature="tearDownClass()[pri:0, instance:cucumberOptions.TestRunner@70d2e40b]" started-at="2022-02-22T15:21:35 IST" name="tearDownClass" finished-at="2022-02-22T15:21:35 IST" duration-ms="345" status="PASS">
          <reporter-output>
          </reporter-output>
        </test-method> <!-- tearDownClass -->
      </class> <!-- cucumberOptions.TestRunner -->
    </test> <!-- Cucumber check validate -->
  </suite> <!-- Suite -->
</testng-results>
