<?xml version="1.0" encoding="UTF-8"?>
<!-- Generated by org.testng.reporters.JUnitXMLReporter -->
<testsuite ignored="0" hostname="DESKTOP-PL6KDKL" failures="0" tests="2" name="Cucumber check validate" time="42.642" errors="0" timestamp="2022-02-22T15:21:35 IST">
  <testcase classname="io.cucumber.testng.AbstractTestNGCucumberTests" name="runScenario" time="18.22"/>
  <testcase classname="io.cucumber.testng.AbstractTestNGCucumberTests" name="runScenario" time="22.873"/>
</testsuite> <!-- Cucumber check validate -->
