<?xml version="1.0" encoding="UTF-8"?>
<!-- Generated by org.testng.reporters.JUnitXMLReporter -->
<testsuite ignored="0" hostname="DESKTOP-PL6KDKL" failures="0" tests="3" name="title validate" time="10.348" errors="0" timestamp="2022-02-22T15:20:51 IST">
  <testcase classname="Freelance.ValidateTextDisplayed" name="ValidateHeader" time="0.116"/>
  <testcase classname="Freelance.ValidateTextDisplayed" name="ValidateHeader2" time="0.082"/>
  <testcase classname="Freelance.ValidateTextDisplayed" name="ValidateTitleText" time="0.081"/>
</testsuite> <!-- title validate -->
